<?xml version="1.0" encoding="UTF-8" standalone="no"?>
<testsuite errors="0" failures="1" name="io.cucumber.core.plugin.JUnitFormatter" skipped="0" tests="7" time="163.238">
    <testcase classname="US1009 User can not login with invalid info" name="T13 User enters invalid email and valid password with Scenario Outline" time="36.342">
        <system-out>
            <![CDATA[Given User goes to "qdURL"..................................................passed
Then user clicks homepage login button......................................passed
And user manually enters invalid Emails "bb@b.com"..........................passed
And user manually enters invalid Passwords "12341234Aad."...................passed
Then user clicks on login button............................................passed
And user tests that  could not be able to login.............................passed
And user waits for 3 sec....................................................passed
Then closes the page........................................................passed
]]>
        </system-out>
    </testcase>
    <testcase classname="US1009 User can not login with invalid info" name="T13 User enters invalid email and valid password with Scenario Outline 2" time="19.361">
        <system-out>
            <![CDATA[Given User goes to "qdURL"..................................................passed
Then user clicks homepage login button......................................passed
And user manually enters invalid Emails "CC@C.com"..........................passed
And user manually enters invalid Passwords "12341234Ccd."...................passed
Then user clicks on login button............................................passed
And user tests that  could not be able to login.............................passed
And user waits for 3 sec....................................................passed
Then closes the page........................................................passed
]]>
        </system-out>
    </testcase>
    <testcase classname="US1009 User can not login with invalid info" name="T13 User enters invalid email and valid password with Scenario Outline 3" time="18.019">
        <system-out>
            <![CDATA[Given User goes to "qdURL"..................................................passed
Then user clicks homepage login button......................................passed
And user manually enters invalid Emails "dd@d.com"..........................passed
And user manually enters invalid Passwords "12341234Ddd."...................passed
Then user clicks on login button............................................passed
And user tests that  could not be able to login.............................passed
And user waits for 3 sec....................................................passed
Then closes the page........................................................passed
]]>
        </system-out>
    </testcase>
    <testcase classname="US1009 User can not login with invalid info" name="T13 User enters invalid email and valid password with Scenario Outline 4" time="14.411">
        <system-out>
            <![CDATA[Given User goes to "qdURL"..................................................passed
Then user clicks homepage login button......................................passed
And user manually enters invalid Emails "ee@e.com"..........................passed
And user manually enters invalid Passwords "12341234Eee."...................passed
Then user clicks on login button............................................passed
And user tests that  could not be able to login.............................passed
And user waits for 3 sec....................................................passed
Then closes the page........................................................passed
]]>
        </system-out>
    </testcase>
    <testcase classname="US1009 User can not login with invalid info" name="T13 User enters invalid email and valid password with Scenario Outline 5" time="40.593">
        <system-out>
            <![CDATA[Given User goes to "qdURL"..................................................passed
Then user clicks homepage login button......................................passed
And user manually enters invalid Emails "ff@f.com"..........................passed
And user manually enters invalid Passwords "12341234Fff."...................passed
Then user clicks on login button............................................passed
And user tests that  could not be able to login.............................passed
And user waits for 3 sec....................................................passed
Then closes the page........................................................passed
]]>
        </system-out>
    </testcase>
    <testcase classname="US1011 Heruokuapp delete button test" name="TC15 testing delete button isvisible" time="23.131">
        <system-out>
            <![CDATA[When user manually goes to "https://the-internet.herokuapp.com/add_remove_elements/" homepage.passed
When Click the "Add Element" button.........................................passed
Then Wait until the "Delete" button is visible..............................passed
And Test that the "Delete" button is visible................................passed
Then Delete the button by pressing the Delete button........................passed
Then Test that the delete button is not visible.............................passed
And closes the page.........................................................passed
]]>
        </system-out>
    </testcase>
    <testcase classname="US1013 User tests that a name of company is in the company list on the webpage" name="TC17 User should be able to test company names" time="10.433">
        <failure message="" type="java.lang.AssertionError">
            <![CDATA[Given user manually goes to "http://demo.guru99.com/test/web-table-element.php" homepage.passed
Then user prints company names on the console...............................passed
Then tests that company names have "NCC"....................................failed

StackTrace:
java.lang.AssertionError
	at org.junit.Assert.fail(Assert.java:87)
	at org.junit.Assert.assertTrue(Assert.java:42)
	at org.junit.Assert.assertTrue(Assert.java:53)
	at stepdefinitions.Guru99StepDefinitions.tests_that_company_names_have(Guru99StepDefinitions.java:30)
	at âœ½.tests that company names have "NCC"(file:///C:/Users/Maden/IdeaProjects/team104Cucumber/src/test/resources/features/US1013_Guru99.feature:8)
]]>
        </failure>
    </testcase>
</testsuite>
